{"C:\\Users\\LAPTOP-RGA-ED0032\\Documents\\pruba-indra-company\\api\\arrays.js": {"path":"C:\\Users\\LAPTOP-RGA-ED0032\\Documents\\pruba-indra-company\\api\\arrays.js","statementMap":{"0":{"start":{"line":2,"column":4},"end":{"line":7,"column":5}},"1":{"start":{"line":10,"column":0},"end":{"line":10,"column":37}}},"fnMap":{"0":{"name":"carsList","decl":{"start":{"line":1,"column":9},"end":{"line":1,"column":17}},"loc":{"start":{"line":1,"column":20},"end":{"line":8,"column":1}},"line":1}},"branchMap":{},"s":{"0":1,"1":1},"f":{"0":1},"b":{},"inputSourceMap":null,"_coverageSchema":"1a1c01bbd47fc00a2c39e90264f33305004495a9","hash":"38dcf73be41d8c24066eb54fc7898ba0e2114a3b"}
}
